#
# There is insufficient memory for the Java Runtime Environment to continue.
# Native memory allocation (malloc) failed to allocate 32744 bytes for ChunkPool::allocate
# Possible reasons:
#   The system is out of physical RAM or swap space
#   The process is running with CompressedOops enabled, and the Java Heap may be blocking the growth of the native heap
# Possible solutions:
#   Reduce memory load on the system
#   Increase physical memory or swap space
#   Check if swap backing store is full
#   Decrease Java heap size (-Xmx/-Xms)
#   Decrease number of Java threads
#   Decrease Java thread stack sizes (-Xss)
#   Set larger code cache with -XX:ReservedCodeCacheSize=
#   JVM is running with Unscaled Compressed Oops mode in which the Java heap is
#     placed in the first 4GB address space. The Java Heap base address is the
#     maximum limit for the native heap growth. Please use -XX:HeapBaseMinAddress
#     to set the Java Heap base and to place the Java Heap above 4GB virtual address.
# This output file may be truncated or incomplete.
#
#  Out of Memory Error (allocation.cpp:272), pid=25340, tid=0x00000000000012f0
#
# JRE version: OpenJDK Runtime Environment (8.0_202-b03) (build 1.8.0_202-release-1483-b03)
# Java VM: OpenJDK 64-Bit Server VM (25.202-b03 mixed mode windows-amd64 compressed oops)
# Failed to write core dump. Minidumps are not enabled by default on client versions of Windows
#

---------------  T H R E A D  ---------------

Current thread (0x00000000164b0000):  JavaThread "C2 CompilerThread0" daemon [_thread_in_native, id=4848, stack(0x0000000017df0000,0x0000000017ef0000)]

Stack: [0x0000000017df0000,0x0000000017ef0000]
[error occurred during error reporting (printing stack bounds), id 0xc0000005]

Native frames: (J=compiled Java code, j=interpreted, Vv=VM code, C=native code)


Current CompileTask:
C2:  38519 4109   !   4       com.sun.beans.TypeResolver::resolve (274 bytes)


---------------  P R O C E S S  ---------------

Java Threads: ( => current thread )
  0x000000001b0f6000 JavaThread "Cache worker for Build Output Cleanup Cache (D:\JAVA\AndroidProjects\LabExamApp\.gradle\buildOutputCleanup)" [_thread_blocked, id=6752, stack(0x0000000021020000,0x0000000021120000)]
  0x000000001b0fd000 JavaThread "Build operations Thread 4" [_thread_blocked, id=17608, stack(0x0000000020920000,0x0000000020a20000)]
  0x000000001b0fc000 JavaThread "Build operations Thread 3" [_thread_blocked, id=14264, stack(0x0000000020820000,0x0000000020920000)]
  0x000000001b0fa800 JavaThread "Build operations Thread 2" [_thread_blocked, id=25284, stack(0x0000000020720000,0x0000000020820000)]
  0x000000001b0f8800 JavaThread "Build operations" [_thread_blocked, id=16824, stack(0x0000000020620000,0x0000000020720000)]
  0x000000001b0f5800 JavaThread "Cache worker for execution history cache (C:\Users\浣灞\.gradle\caches\5.4.1\executionHistory)" [_thread_blocked, id=16816, stack(0x0000000020320000,0x0000000020420000)]
  0x000000001b0fb800 JavaThread "Cache worker for cache directory md-rule (C:\Users\浣灞\.gradle\caches\5.4.1\md-rule)" [_thread_blocked, id=31456, stack(0x0000000020220000,0x0000000020320000)]
  0x000000001b0fa000 JavaThread "Cache worker for cache directory md-supplier (C:\Users\浣灞\.gradle\caches\5.4.1\md-supplier)" [_thread_blocked, id=30844, stack(0x0000000020120000,0x0000000020220000)]
  0x0000000018479000 JavaThread "File lock release action executor" [_thread_blocked, id=13792, stack(0x000000001fe20000,0x000000001ff20000)]
  0x0000000018478000 JavaThread "Cache worker for file hash cache (D:\JAVA\AndroidProjects\LabExamApp\.gradle\5.4.1\fileHashes)" [_thread_blocked, id=30704, stack(0x000000001d110000,0x000000001d210000)]
  0x000000001847b000 JavaThread "Cache worker for journal cache (C:\Users\浣灞\.gradle\caches\journal-1)" [_thread_blocked, id=31320, stack(0x000000001ad70000,0x000000001ae70000)]
  0x000000001847a800 JavaThread "File lock request listener" [_thread_in_native, id=30544, stack(0x000000001ac70000,0x000000001ad70000)]
  0x0000000018479800 JavaThread "Cache worker for file hash cache (C:\Users\浣灞\.gradle\caches\5.4.1\fileHashes)" [_thread_blocked, id=19740, stack(0x000000001a970000,0x000000001aa70000)]
  0x00000000178d1000 JavaThread "Thread-9" [_thread_blocked, id=3284, stack(0x000000001a870000,0x000000001a970000)]
  0x00000000178d0800 JavaThread "Stdin handler" [_thread_blocked, id=28208, stack(0x000000001a770000,0x000000001a870000)]
  0x0000000017aa2800 JavaThread "Asynchronous log dispatcher for DefaultDaemonConnection: socket connection from /127.0.0.1:54000 to /127.0.0.1:54002" [_thread_blocked, id=18692, stack(0x000000001a670000,0x000000001a770000)]
  0x0000000017af9000 JavaThread "Daemon worker" [_thread_in_native, id=31496, stack(0x000000001a570000,0x000000001a670000)]
  0x000000001783f000 JavaThread "Cancel handler" [_thread_blocked, id=1464, stack(0x000000001a470000,0x000000001a570000)]
  0x0000000017927000 JavaThread "Handler for socket connection from /127.0.0.1:54000 to /127.0.0.1:54002" [_thread_in_native, id=31424, stack(0x000000001a170000,0x000000001a270000)]
  0x000000001889b800 JavaThread "Daemon" [_thread_blocked, id=30772, stack(0x000000001a070000,0x000000001a170000)]
  0x00000000178ba000 JavaThread "Daemon periodic checks" [_thread_blocked, id=9972, stack(0x0000000019f70000,0x000000001a070000)]
  0x0000000017b0f800 JavaThread "Incoming local TCP Connector on port 54000" [_thread_in_native, id=26972, stack(0x0000000019dc0000,0x0000000019ec0000)]
  0x0000000019245000 JavaThread "Daemon health stats" [_thread_blocked, id=18860, stack(0x0000000019ac0000,0x0000000019bc0000)]
  0x0000000017852800 JavaThread "Service Thread" daemon [_thread_blocked, id=25964, stack(0x00000000180f0000,0x00000000181f0000)]
  0x0000000017848800 JavaThread "C1 CompilerThread2" daemon [_thread_blocked, id=15756, stack(0x0000000017ff0000,0x00000000180f0000)]
  0x00000000164fc800 JavaThread "C2 CompilerThread1" daemon [_thread_in_native, id=18456, stack(0x0000000017ef0000,0x0000000017ff0000)]
=>0x00000000164b0000 JavaThread "C2 CompilerThread0" daemon [_thread_in_native, id=4848, stack(0x0000000017df0000,0x0000000017ef0000)]
  0x00000000164ae800 JavaThread "Attach Listener" daemon [_thread_blocked, id=29820, stack(0x0000000017cf0000,0x0000000017df0000)]
  0x00000000177f8800 JavaThread "Signal Dispatcher" daemon [_thread_blocked, id=19224, stack(0x0000000017bf0000,0x0000000017cf0000)]
  0x0000000002b26800 JavaThread "Finalizer" daemon [_thread_blocked, id=17056, stack(0x00000000176f0000,0x00000000177f0000)]
  0x0000000016489800 JavaThread "Reference Handler" daemon [_thread_blocked, id=25828, stack(0x00000000175f0000,0x00000000176f0000)]
  0x0000000000d4d800 JavaThread "main" [_thread_blocked, id=28344, stack(0x0000000002550000,0x0000000002650000)]

Other Threads:
  0x0000000016466000 VMThread [stack: 0x00000000174f0000,0x00000000175f0000] [id=25468]
  0x0000000017854800 WatcherThread [stack: 0x00000000181f0000,0x00000000182f0000] [id=14424]

VM state:not at safepoint (normal execution)

VM Mutex/Monitor currently owned by a thread: None

heap address: 0x00000000a0000000, size: 1536 MB, Compressed Oops mode: 32-bit
Narrow klass base: 0x0000000000000000, Narrow klass shift: 3
Compressed class space size: 1073741824 Address: 0x0000000100000000

Heap:
 PSYoungGen      total 104448K, used 48184K [0x00000000e0000000, 0x00000000e8080000, 0x0000000100000000)
  eden space 93696K, 39% used [0x00000000e0000000,0x00000000e248e5f0,0x00000000e5b80000)
  from space 10752K, 99% used [0x00000000e7600000,0x00000000e807fb70,0x00000000e8080000)
  to   space 12288K, 0% used [0x00000000e6880000,0x00000000e6880000,0x00000000e7480000)
 ParOldGen       total 93696K, used 16387K [0x00000000a0000000, 0x00000000a5b80000, 0x00000000e0000000)
  object space 93696K, 17% used [0x00000000a0000000,0x00000000a1000c98,0x00000000a5b80000)
 Metaspace       used 45376K, capacity 46516K, committed 46936K, reserved 1089536K
  class space    used 6112K, capacity 6405K, committed 6528K, reserved 1048576K

Card table byte_map: [0x0000000011ef0000,0x0000000012200000] byte_map_base: 0x00000000119f0000

Marking Bits: (ParMarkBitMap*) 0x000000006c1d9f30
 Begin Bits: [0x0000000012800000, 0x0000000014000000)
 End Bits:   [0x0000000014000000, 0x0000000015800000)

Polling page: 0x0000000000c80000

CodeCache: size=245760Kb used=12964Kb max_used=12964Kb free=232795Kb
 bounds [0x0000000002b30000, 0x00000000037f0000, 0x0000000011b30000]
 total_blobs=4537 nmethods=3778 adapters=671
 compilation: enabled

Compilation events (10 events):
Event: 38.180 Thread 0x0000000017848800 4114       1       org.codehaus.groovy.reflection.CachedClass::isInterface (5 bytes)
Event: 38.180 Thread 0x0000000017848800 nmethod 4114 0x00000000037d5650 code [0x00000000037d57a0, 0x00000000037d58b0]
Event: 38.189 Thread 0x0000000017848800 4115       3       java.beans.FeatureDescriptor::<init> (69 bytes)
Event: 38.190 Thread 0x0000000017848800 nmethod 4115 0x00000000037d4890 code [0x00000000037d4a60, 0x00000000037d5318]
Event: 38.338 Thread 0x0000000017848800 4117       3       java.beans.PropertyDescriptor::<init> (112 bytes)
Event: 38.338 Thread 0x0000000017848800 nmethod 4117 0x00000000037d9fd0 code [0x00000000037da1a0, 0x00000000037da928]
Event: 38.339 Thread 0x0000000017848800 4118   !   3       java.beans.PropertyDescriptor::updateGenericsFor (37 bytes)
Event: 38.340 Thread 0x0000000017848800 nmethod 4118 0x00000000037d8350 code [0x00000000037d85c0, 0x00000000037d9738]
Event: 38.446 Thread 0x0000000017848800 4119       3       groovy.lang.GroovySystem::getMetaClassRegistry (4 bytes)
Event: 38.447 Thread 0x0000000017848800 nmethod 4119 0x00000000037d4590 code [0x00000000037d46e0, 0x00000000037d4810]

GC Heap History (10 events):
Event: 20.367 GC heap before
{Heap before GC invocations=10 (full 1):
 PSYoungGen      total 64512K, used 62627K [0x00000000e0000000, 0x00000000e4980000, 0x0000000100000000)
  eden space 55808K, 100% used [0x00000000e0000000,0x00000000e3680000,0x00000000e3680000)
  from space 8704K, 78% used [0x00000000e4100000,0x00000000e47a8f28,0x00000000e4980000)
  to   space 9728K, 0% used [0x00000000e3680000,0x00000000e3680000,0x00000000e4000000)
 ParOldGen       total 54784K, used 8018K [0x00000000a0000000, 0x00000000a3580000, 0x00000000e0000000)
  object space 54784K, 14% used [0x00000000a0000000,0x00000000a07d4900,0x00000000a3580000)
 Metaspace       used 31229K, capacity 31868K, committed 32256K, reserved 1077248K
  class space    used 4282K, capacity 4483K, committed 4608K, reserved 1048576K
Event: 20.394 GC heap after
Heap after GC invocations=10 (full 1):
 PSYoungGen      total 65536K, used 9073K [0x00000000e0000000, 0x00000000e6300000, 0x0000000100000000)
  eden space 55808K, 0% used [0x00000000e0000000,0x00000000e0000000,0x00000000e3680000)
  from space 9728K, 93% used [0x00000000e3680000,0x00000000e3f5c710,0x00000000e4000000)
  to   space 10752K, 0% used [0x00000000e5880000,0x00000000e5880000,0x00000000e6300000)
 ParOldGen       total 54784K, used 8026K [0x00000000a0000000, 0x00000000a3580000, 0x00000000e0000000)
  object space 54784K, 14% used [0x00000000a0000000,0x00000000a07d6900,0x00000000a3580000)
 Metaspace       used 31229K, capacity 31868K, committed 32256K, reserved 1077248K
  class space    used 4282K, capacity 4483K, committed 4608K, reserved 1048576K
}
Event: 23.250 GC heap before
{Heap before GC invocations=11 (full 1):
 PSYoungGen      total 65536K, used 64881K [0x00000000e0000000, 0x00000000e6300000, 0x0000000100000000)
  eden space 55808K, 100% used [0x00000000e0000000,0x00000000e3680000,0x00000000e3680000)
  from space 9728K, 93% used [0x00000000e3680000,0x00000000e3f5c710,0x00000000e4000000)
  to   space 10752K, 0% used [0x00000000e5880000,0x00000000e5880000,0x00000000e6300000)
 ParOldGen       total 54784K, used 8026K [0x00000000a0000000, 0x00000000a3580000, 0x00000000e0000000)
  object space 54784K, 14% used [0x00000000a0000000,0x00000000a07d6900,0x00000000a3580000)
 Metaspace       used 34264K, capacity 34968K, committed 35200K, reserved 1079296K
  class space    used 4716K, capacity 4901K, committed 4992K, reserved 1048576K
Event: 23.283 GC heap after
Heap after GC invocations=11 (full 1):
 PSYoungGen      total 88576K, used 6916K [0x00000000e0000000, 0x00000000e6180000, 0x0000000100000000)
  eden space 79360K, 0% used [0x00000000e0000000,0x00000000e0000000,0x00000000e4d80000)
  from space 9216K, 75% used [0x00000000e5880000,0x00000000e5f41270,0x00000000e6180000)
  to   space 10240K, 0% used [0x00000000e4d80000,0x00000000e4d80000,0x00000000e5780000)
 ParOldGen       total 54784K, used 12509K [0x00000000a0000000, 0x00000000a3580000, 0x00000000e0000000)
  object space 54784K, 22% used [0x00000000a0000000,0x00000000a0c374b0,0x00000000a3580000)
 Metaspace       used 34264K, capacity 34968K, committed 35200K, reserved 1079296K
  class space    used 4716K, capacity 4901K, committed 4992K, reserved 1048576K
}
Event: 32.495 GC heap before
{Heap before GC invocations=12 (full 1):
 PSYoungGen      total 88576K, used 18882K [0x00000000e0000000, 0x00000000e6180000, 0x0000000100000000)
  eden space 79360K, 15% used [0x00000000e0000000,0x00000000e0baf6f0,0x00000000e4d80000)
  from space 9216K, 75% used [0x00000000e5880000,0x00000000e5f41270,0x00000000e6180000)
  to   space 10240K, 0% used [0x00000000e4d80000,0x00000000e4d80000,0x00000000e5780000)
 ParOldGen       total 54784K, used 12509K [0x00000000a0000000, 0x00000000a3580000, 0x00000000e0000000)
  object space 54784K, 22% used [0x00000000a0000000,0x00000000a0c374b0,0x00000000a3580000)
 Metaspace       used 34512K, capacity 35260K, committed 35416K, reserved 1079296K
  class space    used 4754K, capacity 4975K, committed 4992K, reserved 1048576K
Event: 32.514 GC heap after
Heap after GC invocations=12 (full 1):
 PSYoungGen      total 89600K, used 1075K [0x00000000e0000000, 0x00000000e8080000, 0x0000000100000000)
  eden space 79360K, 0% used [0x00000000e0000000,0x00000000e0000000,0x00000000e4d80000)
  from space 10240K, 10% used [0x00000000e4d80000,0x00000000e4e8cdf0,0x00000000e5780000)
  to   space 10752K, 0% used [0x00000000e7600000,0x00000000e7600000,0x00000000e8080000)
 ParOldGen       total 54784K, used 16330K [0x00000000a0000000, 0x00000000a3580000, 0x00000000e0000000)
  object space 54784K, 29% used [0x00000000a0000000,0x00000000a0ff28f0,0x00000000a3580000)
 Metaspace       used 34512K, capacity 35260K, committed 35416K, reserved 1079296K
  class space    used 4754K, capacity 4975K, committed 4992K, reserved 1048576K
}
Event: 32.514 GC heap before
{Heap before GC invocations=13 (full 2):
 PSYoungGen      total 89600K, used 1075K [0x00000000e0000000, 0x00000000e8080000, 0x0000000100000000)
  eden space 79360K, 0% used [0x00000000e0000000,0x00000000e0000000,0x00000000e4d80000)
  from space 10240K, 10% used [0x00000000e4d80000,0x00000000e4e8cdf0,0x00000000e5780000)
  to   space 10752K, 0% used [0x00000000e7600000,0x00000000e7600000,0x00000000e8080000)
 ParOldGen       total 54784K, used 16330K [0x00000000a0000000, 0x00000000a3580000, 0x00000000e0000000)
  object space 54784K, 29% used [0x00000000a0000000,0x00000000a0ff28f0,0x00000000a3580000)
 Metaspace       used 34512K, capacity 35260K, committed 35416K, reserved 1079296K
  class space    used 4754K, capacity 4975K, committed 4992K, reserved 1048576K
Event: 33.238 GC heap after
Heap after GC invocations=13 (full 2):
 PSYoungGen      total 89600K, used 0K [0x00000000e0000000, 0x00000000e8080000, 0x0000000100000000)
  eden space 79360K, 0% used [0x00000000e0000000,0x00000000e0000000,0x00000000e4d80000)
  from space 10240K, 0% used [0x00000000e4d80000,0x00000000e4d80000,0x00000000e5780000)
  to   space 10752K, 0% used [0x00000000e7600000,0x00000000e7600000,0x00000000e8080000)
 ParOldGen       total 93696K, used 16355K [0x00000000a0000000, 0x00000000a5b80000, 0x00000000e0000000)
  object space 93696K, 17% used [0x00000000a0000000,0x00000000a0ff8fc0,0x00000000a5b80000)
 Metaspace       used 34501K, capacity 35224K, committed 35416K, reserved 1079296K
  class space    used 4751K, capacity 4969K, committed 4992K, reserved 1048576K
}
Event: 36.745 GC heap before
{Heap before GC invocations=14 (full 2):
 PSYoungGen      total 89600K, used 79360K [0x00000000e0000000, 0x00000000e8080000, 0x0000000100000000)
  eden space 79360K, 100% used [0x00000000e0000000,0x00000000e4d80000,0x00000000e4d80000)
  from space 10240K, 0% used [0x00000000e4d80000,0x00000000e4d80000,0x00000000e5780000)
  to   space 10752K, 0% used [0x00000000e7600000,0x00000000e7600000,0x00000000e8080000)
 ParOldGen       total 93696K, used 16355K [0x00000000a0000000, 0x00000000a5b80000, 0x00000000e0000000)
  object space 93696K, 17% used [0x00000000a0000000,0x00000000a0ff8fc0,0x00000000a5b80000)
 Metaspace       used 43075K, capacity 44082K, committed 44248K, reserved 1087488K
  class space    used 5829K, capacity 6115K, committed 6144K, reserved 1048576K
Event: 36.777 GC heap after
Heap after GC invocations=14 (full 2):
 PSYoungGen      total 104448K, used 10750K [0x00000000e0000000, 0x00000000e8080000, 0x0000000100000000)
  eden space 93696K, 0% used [0x00000000e0000000,0x00000000e0000000,0x00000000e5b80000)
  from space 10752K, 99% used [0x00000000e7600000,0x00000000e807fb70,0x00000000e8080000)
  to   space 12288K, 0% used [0x00000000e6880000,0x00000000e6880000,0x00000000e7480000)
 ParOldGen       total 93696K, used 16387K [0x00000000a0000000, 0x00000000a5b80000, 0x00000000e0000000)
  object space 93696K, 17% used [0x00000000a0000000,0x00000000a1000c98,0x00000000a5b80000)
 Metaspace       used 43075K, capacity 44082K, committed 44248K, reserved 1087488K
  class space    used 5829K, capacity 6115K, committed 6144K, reserved 1048576K
}

Deoptimization events (10 events):
Event: 36.354 Thread 0x0000000017af9000 Uncommon trap: reason=unstable_if action=reinterpret pc=0x000000000349cce8 method=java.util.jar.JarFile.maybeInstantiateVerifier()V @ 4
Event: 36.355 Thread 0x0000000017af9000 Uncommon trap: reason=bimorphic action=maybe_recompile pc=0x0000000002dff680 method=sun.misc.Resource.getBytes()[B @ 181
Event: 36.355 Thread 0x0000000017af9000 Uncommon trap: reason=unstable_if action=reinterpret pc=0x0000000003040748 method=java.util.jar.JarFile.maybeInstantiateVerifier()V @ 4
Event: 36.355 Thread 0x0000000017af9000 Uncommon trap: reason=unstable_if action=reinterpret pc=0x0000000003602e40 method=java.security.CodeSource.matchCerts(Ljava/security/CodeSource;Z)Z @ 11
Event: 36.411 Thread 0x0000000017af9000 Uncommon trap: reason=unstable_if action=reinterpret pc=0x0000000002eb083c method=java.util.LinkedHashMap.get(Ljava/lang/Object;)Ljava/lang/Object; @ 20
Event: 36.489 Thread 0x0000000017af9000 Uncommon trap: reason=bimorphic action=maybe_recompile pc=0x0000000002dff680 method=sun.misc.Resource.getBytes()[B @ 181
Event: 36.494 Thread 0x0000000017af9000 Uncommon trap: reason=bimorphic action=maybe_recompile pc=0x0000000002dff680 method=sun.misc.Resource.getBytes()[B @ 181
Event: 36.494 Thread 0x0000000017af9000 Uncommon trap: reason=unstable_if action=reinterpret pc=0x00000000035fbcfc method=java.security.CodeSource.matchCerts(Ljava/security/CodeSource;Z)Z @ 11
Event: 36.569 Thread 0x0000000017af9000 Uncommon trap: reason=unstable_if action=reinterpret pc=0x00000000033eab68 method=org.objectweb.asm.ByteVector.putUTF8(Ljava/lang/String;)Lorg/objectweb/asm/ByteVector; @ 93
Event: 37.642 Thread 0x0000000017af9000 Uncommon trap: reason=unstable_if action=reinterpret pc=0x000000000345c23c method=org.gradle.internal.reflect.PropertyAccessorType.of(Ljava/lang/reflect/Method;)Lorg/gradle/internal/reflect/PropertyAccessorType; @ 56

Classes redefined (0 events):
No events

Internal exceptions (10 events):
Event: 38.186 Thread 0x0000000017af9000 Exception <a 'java/lang/ClassNotFoundException': com/android/build/gradle/internal/dsl/DefaultConfig_DecoratedBeanInfo> (0x00000000e20a24d8) thrown at [D:\src\AOSP-openjdk-cygwin\jdk8u\hotspot\src\share\vm\classfile\systemDictionary.cpp, line 210]
Event: 38.186 Thread 0x0000000017af9000 Exception <a 'java/lang/ClassNotFoundException': com/android/build/gradle/internal/dsl/DefaultConfigBeanInfo> (0x00000000e20bcaf8) thrown at [D:\src\AOSP-openjdk-cygwin\jdk8u\hotspot\src\share\vm\classfile\systemDictionary.cpp, line 210]
Event: 38.187 Thread 0x0000000017af9000 Exception <a 'java/lang/ClassNotFoundException': com/android/build/gradle/internal/dsl/BaseFlavorBeanInfo> (0x00000000e21230d0) thrown at [D:\src\AOSP-openjdk-cygwin\jdk8u\hotspot\src\share\vm\classfile\systemDictionary.cpp, line 210]
Event: 38.187 Thread 0x0000000017af9000 Exception <a 'java/lang/ClassNotFoundException': com/android/builder/core/DefaultProductFlavorBeanInfo> (0x00000000e213bc40) thrown at [D:\src\AOSP-openjdk-cygwin\jdk8u\hotspot\src\share\vm\classfile\systemDictionary.cpp, line 210]
Event: 38.188 Thread 0x0000000017af9000 Exception <a 'java/lang/ClassNotFoundException': com/android/builder/core/DefaultProductFlavorCustomizer> (0x00000000e2154c70) thrown at [D:\src\AOSP-openjdk-cygwin\jdk8u\hotspot\src\share\vm\classfile\systemDictionary.cpp, line 210]
Event: 38.193 Thread 0x0000000017af9000 Exception <a 'java/lang/ClassNotFoundException': com/android/build/gradle/internal/dsl/BaseFlavorCustomizer> (0x00000000e21a4158) thrown at [D:\src\AOSP-openjdk-cygwin\jdk8u\hotspot\src\share\vm\classfile\systemDictionary.cpp, line 210]
Event: 38.336 Thread 0x0000000017af9000 Exception <a 'java/lang/ClassNotFoundException': com/android/build/gradle/internal/dsl/DefaultConfigCustomizer> (0x00000000e21ffb70) thrown at [D:\src\AOSP-openjdk-cygwin\jdk8u\hotspot\src\share\vm\classfile\systemDictionary.cpp, line 210]
Event: 38.337 Thread 0x0000000017af9000 Exception <a 'java/lang/ClassNotFoundException': com/android/build/gradle/internal/dsl/DefaultConfig_DecoratedCustomizer> (0x00000000e222ebd0) thrown at [D:\src\AOSP-openjdk-cygwin\jdk8u\hotspot\src\share\vm\classfile\systemDictionary.cpp, line 210]
Event: 38.453 Thread 0x0000000017af9000 Exception <a 'java/lang/ClassNotFoundException': org/gradle/api/internal/NamedDomainObjectContainerConfigureDelegateBeanInfo> (0x00000000e2361b48) thrown at [D:\src\AOSP-openjdk-cygwin\jdk8u\hotspot\src\share\vm\classfile\systemDictionary.cpp, line 210]
Event: 38.454 Thread 0x0000000017af9000 Exception <a 'java/lang/ClassNotFoundException': org/gradle/api/internal/NamedDomainObjectContainerConfigureDelegateCustomizer> (0x00000000e23a3778) thrown at [D:\src\AOSP-openjdk-cygwin\jdk8u\hotspot\src\share\vm\classfile\systemDictionary.cpp, line 210]

Events (10 events):
Event: 38.453 loading class org/gradle/api/internal/NamedDomainObjectContainerConfigureDelegateBeanInfo
Event: 38.453 loading class org/gradle/api/internal/NamedDomainObjectContainerConfigureDelegateBeanInfo done
Event: 38.453 loading class org/gradle/api/internal/NamedDomainObjectContainerConfigureDelegateCustomizer
Event: 38.453 loading class org/gradle/api/internal/NamedDomainObjectContainerConfigureDelegateCustomizer done
Event: 38.453 loading class org/gradle/api/internal/NamedDomainObjectContainerConfigureDelegateCustomizer
Event: 38.453 loading class org/gradle/api/internal/NamedDomainObjectContainerConfigureDelegateCustomizer done
Event: 38.453 loading class org/gradle/api/internal/NamedDomainObjectContainerConfigureDelegateCustomizer
Event: 38.453 loading class org/gradle/api/internal/NamedDomainObjectContainerConfigureDelegateCustomizer done
Event: 38.454 loading class org/gradle/api/internal/NamedDomainObjectContainerConfigureDelegateCustomizer
Event: 38.454 loading class org/gradle/api/internal/NamedDomainObjectContainerConfigureDelegateCustomizer done


Dynamic libraries:
0x00007ff6b3490000 - 0x00007ff6b34c1000 	D:\AndroidStudio\jre\bin\java.exe
0x00007ffc9dcf0000 - 0x00007ffc9ded1000 	C:\Windows\SYSTEM32\ntdll.dll
0x00007ffc9bc30000 - 0x00007ffc9bce1000 	C:\Windows\System32\KERNEL32.DLL
0x00007ffc9a4f0000 - 0x00007ffc9a763000 	C:\Windows\System32\KERNELBASE.dll
0x00007ffc9da90000 - 0x00007ffc9db31000 	C:\Windows\System32\ADVAPI32.dll
0x00007ffc9b760000 - 0x00007ffc9b7fe000 	C:\Windows\System32\msvcrt.dll
0x00007ffc9b800000 - 0x00007ffc9b85b000 	C:\Windows\System32\sechost.dll
0x00007ffc9ba90000 - 0x00007ffc9bbb4000 	C:\Windows\System32\RPCRT4.dll
0x00007ffc9c230000 - 0x00007ffc9c3c1000 	C:\Windows\System32\USER32.dll
0x00007ffc9a200000 - 0x00007ffc9a220000 	C:\Windows\System32\win32u.dll
0x00007ffc9c200000 - 0x00007ffc9c228000 	C:\Windows\System32\GDI32.dll
0x00007ffc9a220000 - 0x00007ffc9a3b1000 	C:\Windows\System32\gdi32full.dll
0x00007ffc9b0c0000 - 0x00007ffc9b15f000 	C:\Windows\System32\msvcp_win.dll
0x00007ffc9a0a0000 - 0x00007ffc9a198000 	C:\Windows\System32\ucrtbase.dll
0x00007ffc86510000 - 0x00007ffc86779000 	C:\Windows\WinSxS\amd64_microsoft.windows.common-controls_6595b64144ccf1df_6.0.17134.1130_none_d3ff42617c90becf\COMCTL32.dll
0x00007ffc9b160000 - 0x00007ffc9b481000 	C:\Windows\System32\combase.dll
0x00007ffc9a470000 - 0x00007ffc9a4e9000 	C:\Windows\System32\bcryptPrimitives.dll
0x00007ffc9c3d0000 - 0x00007ffc9c3fd000 	C:\Windows\System32\IMM32.DLL
0x000000006d030000 - 0x000000006d102000 	D:\AndroidStudio\jre\jre\bin\msvcr100.dll
0x000000006ba10000 - 0x000000006c256000 	D:\AndroidStudio\jre\jre\bin\server\jvm.dll
0x00007ffc9d990000 - 0x00007ffc9d998000 	C:\Windows\System32\PSAPI.DLL
0x00007ffc98ba0000 - 0x00007ffc98ba9000 	C:\Windows\SYSTEM32\WSOCK32.dll
0x00007ffc9bbc0000 - 0x00007ffc9bc2c000 	C:\Windows\System32\WS2_32.dll
0x00007ffc95690000 - 0x00007ffc956b3000 	C:\Windows\SYSTEM32\WINMM.dll
0x00007ffc8a180000 - 0x00007ffc8a18a000 	C:\Windows\SYSTEM32\VERSION.dll
0x00007ffc95660000 - 0x00007ffc9568a000 	C:\Windows\SYSTEM32\WINMMBASE.dll
0x00007ffc9b070000 - 0x00007ffc9b0b9000 	C:\Windows\System32\cfgmgr32.dll
0x00007ffc96250000 - 0x00007ffc9625f000 	D:\AndroidStudio\jre\jre\bin\verify.dll
0x00007ffc8b9c0000 - 0x00007ffc8b9e9000 	D:\AndroidStudio\jre\jre\bin\java.dll
0x00007ffc96230000 - 0x00007ffc96246000 	D:\AndroidStudio\jre\jre\bin\zip.dll
0x00007ffc9c530000 - 0x00007ffc9d975000 	C:\Windows\System32\SHELL32.dll
0x00007ffc9b860000 - 0x00007ffc9b909000 	C:\Windows\System32\shcore.dll
0x00007ffc9a960000 - 0x00007ffc9b070000 	C:\Windows\System32\windows.storage.dll
0x00007ffc9bd50000 - 0x00007ffc9bda1000 	C:\Windows\System32\shlwapi.dll
0x00007ffc9a000000 - 0x00007ffc9a011000 	C:\Windows\System32\kernel.appcore.dll
0x00007ffc9a020000 - 0x00007ffc9a03f000 	C:\Windows\System32\profapi.dll
0x00007ffc9a040000 - 0x00007ffc9a08c000 	C:\Windows\System32\powrprof.dll
0x00007ffc9a090000 - 0x00007ffc9a09a000 	C:\Windows\System32\FLTLIB.DLL
0x00007ffc95220000 - 0x00007ffc9523a000 	D:\AndroidStudio\jre\jre\bin\net.dll
0x00007ffc99840000 - 0x00007ffc998a6000 	C:\Windows\system32\mswsock.dll
0x00007ffc89d70000 - 0x00007ffc89d81000 	D:\AndroidStudio\jre\jre\bin\nio.dll
0x00007ffc87f60000 - 0x00007ffc87f86000 	C:\Users\位展朋\.gradle\native\29\windows-amd64\native-platform.dll
0x00007ffc96210000 - 0x00007ffc9621d000 	D:\AndroidStudio\jre\jre\bin\management.dll
0x00007ffc999f0000 - 0x00007ffc99a07000 	C:\Windows\SYSTEM32\CRYPTSP.dll
0x00007ffc993f0000 - 0x00007ffc99423000 	C:\Windows\system32\rsaenh.dll
0x00007ffc99b20000 - 0x00007ffc99b45000 	C:\Windows\SYSTEM32\bcrypt.dll
0x00007ffc99f10000 - 0x00007ffc99f38000 	C:\Windows\SYSTEM32\USERENV.dll
0x00007ffc99a10000 - 0x00007ffc99a1b000 	C:\Windows\SYSTEM32\CRYPTBASE.dll
0x00007ffc99590000 - 0x00007ffc995c8000 	C:\Windows\SYSTEM32\IPHLPAPI.DLL
0x00007ffc9c400000 - 0x00007ffc9c408000 	C:\Windows\System32\NSI.dll
0x00007ffc8de60000 - 0x00007ffc8de76000 	C:\Windows\SYSTEM32\dhcpcsvc6.DLL
0x00007ffc8f750000 - 0x00007ffc8f76a000 	C:\Windows\SYSTEM32\dhcpcsvc.DLL

VM Arguments:
jvm_args: -Xmx1536m -Dfile.encoding=GBK -Duser.country=CN -Duser.language=zh -Duser.variant 
java_command: org.gradle.launcher.daemon.bootstrap.GradleDaemon 5.4.1
java_class_path (initial): C:\Users\位展朋\.gradle\wrapper\dists\gradle-5.4.1-all\3221gyojl5jsh0helicew7rwx\gradle-5.4.1\lib\gradle-launcher-5.4.1.jar
Launcher Type: SUN_STANDARD

Environment Variables:
JRE_HOME=D:\JAVA\JRE1.8.0
PATH=C:\ProgramData\Oracle\Java\javapath;D:\JAVA\JDK12.0.2\bin;C:\Windows\system32;C:\Windows;C:\Windows\System32\Wbem;C:\Windows\System32\WindowsPowerShell\v1.0\;C:\Windows\System32\OpenSSH\;D:\JAVA\JRE1.8.0\bin;%JAVA_HOME%\bin;D:\JAVA\apache-tomcat-9.0.22\bin;D:\JAVA\apache-tomcat-9.0.22\lib;C:\Program Files\MySQL\MySQL Server 8.0\bin;D:\JAVA\Subversion\bin;D:\JAVA\TortoiseSVN\bin;D:\VueJS\NodeJS\node_global;D:\JAVA\NodeJS\;D:\Git\bin;D:\Git\cmd;C:\Program Files\dotnet\;D:\MongoDb\bin;C:\Program Files\MySQL\MySQL Shell 8.0\bin\;D:\Microsoft VS Code\bin;C:\Users\位展朋\AppData\Roaming\npm;C:\Users\位展朋\.dotnet\tools
USERNAME=位展朋
OS=Windows_NT
PROCESSOR_IDENTIFIER=Intel64 Family 6 Model 78 Stepping 3, GenuineIntel



---------------  S Y S T E M  ---------------

OS: Windows 10.0 , 64 bit Build 17134 (10.0.17134.753)

CPU:total 4 (initial active 4) (2 cores per cpu, 2 threads per core) family 6 model 78 stepping 3, cmov, cx8, fxsr, mmx, sse, sse2, sse3, ssse3, sse4.1, sse4.2, popcnt, avx, avx2, aes, clmul, erms, 3dnowpref, lzcnt, ht, tsc, tscinvbit, bmi1, bmi2, adx

Memory: 4k page, physical 8205012k(188092k free), swap 15750480k(3108k free)

vm_info: OpenJDK 64-Bit Server VM (25.202-b03) for windows-amd64 JRE (1.8.0_202-release-1483-b03), built by "builder" with MS VC++ 10.0 (VS2010)

time: Fri Nov 29 13:43:35 2019
timezone: 中国标准时间
elapsed time: 38 seconds (0d 0h 0m 38s)

